<?xml version="1.0" encoding="UTF-8"?>
<!-- Generated by org.testng.reporters.JUnitReportReporter -->
<testsuite skipped="0" hostname="DESKTOP-174GUIU" name="org.testng.DependsonMethods" tests="4" failures="0" timestamp="12 Jan 2022 07:34:55 GMT" time="0.045" errors="0">
  <testcase name="pg" time="0.015" classname="org.testng.DependsonMethods"/>
  <testcase name="highsecschool" time="0.000" classname="org.testng.DependsonMethods"/>
  <testcase name="ug" time="0.005" classname="org.testng.DependsonMethods"/>
  <testcase name="highschool" time="0.025" classname="org.testng.DependsonMethods"/>
</testsuite> <!-- org.testng.DependsonMethods -->
