<?xml version="1.0" encoding="UTF-8"?>
<!-- Generated by org.testng.reporters.JUnitReportReporter -->
<testsuite skipped="0" hostname="DESKTOP-174GUIU" name="org.testng.Suite" tests="3" failures="0" timestamp="12 Jan 2022 08:39:20 GMT" time="5.789" errors="0">
  <testcase name="opengoogle" time="2.598" classname="org.testng.Suite"/>
  <testcase name="yahoo" time="1.415" classname="org.testng.Suite"/>
  <testcase name="bing" time="1.776" classname="org.testng.Suite"/>
</testsuite> <!-- org.testng.Suite -->
