<?xml version="1.0" encoding="UTF-8"?>
<!-- Generated by org.testng.reporters.JUnitReportReporter -->
<testsuite skipped="1" hostname="DESKTOP-174GUIU" name="org.testng.Demo" tests="7" failures="0" timestamp="11 Jan 2022 15:35:26 GMT" time="0.038" errors="0">
  <testcase name="Startcar" time="0.019" classname="org.testng.Demo"/>
  <testcase name="firstgear" time="0.005" classname="org.testng.Demo"/>
  <testcase name="Secondgear" time="0.007" classname="org.testng.Demo"/>
  <testcase name="thirdgear" time="0.002" classname="org.testng.Demo"/>
  <testcase name="fourtgear" time="0.003" classname="org.testng.Demo"/>
  <testcase name="fifthgear" time="0.002" classname="org.testng.Demo"/>
  <testcase name="startmusic" classname="org.testng.Demo">
    <skipped/>
  </testcase> <!-- startmusic -->
</testsuite> <!-- org.testng.Demo -->
